{"/Users/ricardo/git/loadingplay/replenishment/src/library/services/orders.jsx": {"path":"/Users/ricardo/git/loadingplay/replenishment/src/library/services/orders.jsx","statementMap":{"0":{"start":{"line":4,"column":19},"end":{"line":4,"column":55}},"1":{"start":{"line":7,"column":4},"end":{"line":7,"column":37}},"2":{"start":{"line":10,"column":11},"end":{"line":28,"column":3}},"3":{"start":{"line":14,"column":4},"end":{"line":24,"column":6}},"4":{"start":{"line":26,"column":4},"end":{"line":26,"column":38}},"5":{"start":{"line":27,"column":4},"end":{"line":27,"column":20}},"6":{"start":{"line":30,"column":11},"end":{"line":48,"column":3}},"7":{"start":{"line":34,"column":4},"end":{"line":44,"column":6}},"8":{"start":{"line":46,"column":4},"end":{"line":46,"column":38}},"9":{"start":{"line":47,"column":4},"end":{"line":47,"column":21}},"10":{"start":{"line":50,"column":26},"end":{"line":52,"column":3}},"11":{"start":{"line":51,"column":4},"end":{"line":51,"column":82}},"12":{"start":{"line":51,"column":45},"end":{"line":51,"column":71}}},"fnMap":{"0":{"name":"(anonymous_0)","decl":{"start":{"line":6,"column":2},"end":{"line":6,"column":3}},"loc":{"start":{"line":6,"column":28},"end":{"line":8,"column":3}},"line":6},"1":{"name":"(anonymous_1)","decl":{"start":{"line":10,"column":11},"end":{"line":10,"column":12}},"loc":{"start":{"line":10,"column":32},"end":{"line":28,"column":3}},"line":10},"2":{"name":"(anonymous_2)","decl":{"start":{"line":30,"column":11},"end":{"line":30,"column":12}},"loc":{"start":{"line":30,"column":41},"end":{"line":48,"column":3}},"line":30},"3":{"name":"(anonymous_3)","decl":{"start":{"line":50,"column":26},"end":{"line":50,"column":27}},"loc":{"start":{"line":50,"column":41},"end":{"line":52,"column":3}},"line":50},"4":{"name":"(anonymous_4)","decl":{"start":{"line":51,"column":38},"end":{"line":51,"column":39}},"loc":{"start":{"line":51,"column":45},"end":{"line":51,"column":71}},"line":51}},"branchMap":{},"s":{"0":1,"1":2,"2":2,"3":0,"4":0,"5":0,"6":2,"7":0,"8":0,"9":0,"10":2,"11":1,"12":0},"f":{"0":2,"1":0,"2":0,"3":1,"4":0},"b":{},"_coverageSchema":"43e27e138ebf9cfc5966b082cf9a028302ed4184","hash":"5d928d674ef024e88f953106ca6912e6d82d2131"}
}
